<?xml version="1.0" encoding="UTF-8"?>
<!-- Generated by org.testng.reporters.JUnitReportReporter -->
<testsuite hostname="DESKTOP-819O6GE" name="RegressionTest.DataProviderWithExcel_all" tests="3" failures="0" timestamp="18 Mar 2019 10:43:10 GMT" time="25.620" errors="0">
  <testcase name="A010_ChangeRoleforUser" time="10.299" classname="RegressionTest.DataProviderWithExcel_all"/>
  <testcase name="B010_deleteUser" time="2.803" classname="RegressionTest.DataProviderWithExcel_all"/>
  <testcase name="A010_ChangeRoleforUser" time="12.518" classname="RegressionTest.DataProviderWithExcel_all"/>
</testsuite> <!-- RegressionTest.DataProviderWithExcel_all -->
