<?xml version="1.0" encoding="UTF-8"?>
<!-- Generated by org.testng.reporters.JUnitReportReporter -->
<testsuite hostname="DESKTOP-819O6GE" name="RegressionTest.DataProviderWithExcel_all" tests="10" failures="0" timestamp="20 Mar 2019 07:03:21 GMT" time="75.830" errors="0">
  <testcase name="A002_adduser" time="6.796" classname="RegressionTest.DataProviderWithExcel_all"/>
  <testcase name="A002_adduser" time="6.698" classname="RegressionTest.DataProviderWithExcel_all"/>
  <testcase name="A002_adduser" time="6.998" classname="RegressionTest.DataProviderWithExcel_all"/>
  <testcase name="A002_adduser" time="6.356" classname="RegressionTest.DataProviderWithExcel_all"/>
  <testcase name="A002_adduser" time="8.352" classname="RegressionTest.DataProviderWithExcel_all"/>
  <testcase name="A002_adduser" time="6.591" classname="RegressionTest.DataProviderWithExcel_all"/>
  <testcase name="A002_adduser" time="6.710" classname="RegressionTest.DataProviderWithExcel_all"/>
  <testcase name="B020_deleteUserMultiSelection" time="13.692" classname="RegressionTest.DataProviderWithExcel_all"/>
  <testcase name="A002_adduser" time="6.424" classname="RegressionTest.DataProviderWithExcel_all"/>
  <testcase name="A002_adduser" time="7.213" classname="RegressionTest.DataProviderWithExcel_all"/>
</testsuite> <!-- RegressionTest.DataProviderWithExcel_all -->
