<?xml version="1.0" encoding="UTF-8"?>
<!-- Generated by org.testng.reporters.JUnitReportReporter -->
<testsuite hostname="DESKTOP-819O6GE" name="example.modifyUser" tests="3" failures="0" timestamp="18 Mar 2019 10:30:53 GMT" time="24.634" errors="0">
  <testcase name="A010_ChangeRoleforUser" time="10.485" classname="example.modifyUser"/>
  <testcase name="B010_deleteUser" time="2.856" classname="example.modifyUser"/>
  <testcase name="A010_ChangeRoleforUser" time="11.293" classname="example.modifyUser"/>
</testsuite> <!-- example.modifyUser -->
