<?xml version="1.0" encoding="UTF-8"?>
<!-- Generated by org.testng.reporters.JUnitReportReporter -->
<testsuite hostname="DESKTOP-819O6GE" name="RegressionTest.DataProviderwithExcel_deleteUser" tests="10" failures="0" timestamp="6 Mar 2019 06:36:31 GMT" time="71.036" errors="0">
  <testcase name="B_0001_SearchUser" time="6.242" classname="RegressionTest.DataProviderwithExcel_deleteUser"/>
  <testcase name="A001_loginAdmin" time="4.189" classname="RegressionTest.DataProviderwithExcel_deleteUser"/>
  <testcase name="A001_loginAdmin" time="5.426" classname="RegressionTest.DataProviderwithExcel_deleteUser"/>
  <testcase name="B_0001_SearchUser" time="8.369" classname="RegressionTest.DataProviderwithExcel_deleteUser"/>
  <testcase name="Z1000_logoutAdmin" time="2.100" classname="RegressionTest.DataProviderwithExcel_deleteUser"/>
  <testcase name="B_0001_SearchUser" time="4.331" classname="RegressionTest.DataProviderwithExcel_deleteUser"/>
  <testcase name="Z1000_logoutAdmin" time="1.894" classname="RegressionTest.DataProviderwithExcel_deleteUser"/>
  <testcase name="B_0001_SearchUser" time="14.764" classname="RegressionTest.DataProviderwithExcel_deleteUser"/>
  <testcase name="B_0001_SearchUser" time="17.824" classname="RegressionTest.DataProviderwithExcel_deleteUser"/>
  <testcase name="B_0001_SearchUser" time="5.897" classname="RegressionTest.DataProviderwithExcel_deleteUser"/>
</testsuite> <!-- RegressionTest.DataProviderwithExcel_deleteUser -->
