<?xml version="1.0" encoding="UTF-8"?>
<!-- Generated by org.testng.reporters.JUnitReportReporter -->
<testsuite hostname="DESKTOP-819O6GE" name="RegressionTest.DataProviderWithExcel_modifyUser" tests="24" failures="0" timestamp="6 Mar 2019 06:36:31 GMT" time="93.646" errors="0">
  <testcase name="A002_ChangeRoleforUser" time="0.000" classname="RegressionTest.DataProviderWithExcel_modifyUser"/>
  <testcase name="A002_ChangeRoleforUser" time="0.001" classname="RegressionTest.DataProviderWithExcel_modifyUser"/>
  <testcase name="B001_loginUser" time="3.444" classname="RegressionTest.DataProviderWithExcel_modifyUser"/>
  <testcase name="A002_ChangeRoleforUser" time="0.000" classname="RegressionTest.DataProviderWithExcel_modifyUser"/>
  <testcase name="B001_loginUser" time="13.146" classname="RegressionTest.DataProviderWithExcel_modifyUser"/>
  <testcase name="A002_ChangeRoleforUser" time="0.000" classname="RegressionTest.DataProviderWithExcel_modifyUser"/>
  <testcase name="B001_loginUser" time="10.085" classname="RegressionTest.DataProviderWithExcel_modifyUser"/>
  <testcase name="B001_loginUser" time="10.456" classname="RegressionTest.DataProviderWithExcel_modifyUser"/>
  <testcase name="A002_ChangeRoleforUser" time="0.000" classname="RegressionTest.DataProviderWithExcel_modifyUser"/>
  <testcase name="B001_loginUser" time="9.963" classname="RegressionTest.DataProviderWithExcel_modifyUser"/>
  <testcase name="A001_loginAdmin" time="4.870" classname="RegressionTest.DataProviderWithExcel_modifyUser"/>
  <testcase name="A100_adminlogout" time="2.388" classname="RegressionTest.DataProviderWithExcel_modifyUser"/>
  <testcase name="A002_ChangeRoleforUser" time="0.000" classname="RegressionTest.DataProviderWithExcel_modifyUser"/>
  <testcase name="A100_adminlogout" time="2.651" classname="RegressionTest.DataProviderWithExcel_modifyUser"/>
  <testcase name="B001_loginUser" time="10.503" classname="RegressionTest.DataProviderWithExcel_modifyUser"/>
  <testcase name="A002_ChangeRoleforUser" time="0.002" classname="RegressionTest.DataProviderWithExcel_modifyUser"/>
  <testcase name="A001_loginAdmin" time="7.116" classname="RegressionTest.DataProviderWithExcel_modifyUser"/>
  <testcase name="A002_ChangeRoleforUser" time="0.001" classname="RegressionTest.DataProviderWithExcel_modifyUser"/>
  <testcase name="A002_ChangeRoleforUser" time="0.000" classname="RegressionTest.DataProviderWithExcel_modifyUser"/>
  <testcase name="B001_loginUser" time="3.082" classname="RegressionTest.DataProviderWithExcel_modifyUser"/>
  <testcase name="B001_loginUser" time="9.797" classname="RegressionTest.DataProviderWithExcel_modifyUser"/>
  <testcase name="A002_ChangeRoleforUser" time="0.001" classname="RegressionTest.DataProviderWithExcel_modifyUser"/>
  <testcase name="B001_loginUser" time="3.030" classname="RegressionTest.DataProviderWithExcel_modifyUser"/>
  <testcase name="B001_loginUser" time="3.110" classname="RegressionTest.DataProviderWithExcel_modifyUser"/>
</testsuite> <!-- RegressionTest.DataProviderWithExcel_modifyUser -->
