<?xml version="1.0" encoding="UTF-8"?>
<!-- Generated by org.testng.reporters.JUnitReportReporter -->
<testsuite hostname="DESKTOP-819O6GE" name="RegressionTest.DataProviderWithExcel_addUser" tests="22" failures="0" timestamp="6 Mar 2019 06:36:31 GMT" time="187.740" errors="0">
  <testcase name="A002_adduser" time="7.106" classname="RegressionTest.DataProviderWithExcel_addUser"/>
  <testcase name="A002_adduser" time="6.859" classname="RegressionTest.DataProviderWithExcel_addUser"/>
  <testcase name="A002_adduser" time="7.245" classname="RegressionTest.DataProviderWithExcel_addUser"/>
  <testcase name="A002_adduser" time="7.314" classname="RegressionTest.DataProviderWithExcel_addUser"/>
  <testcase name="A002_adduser" time="10.364" classname="RegressionTest.DataProviderWithExcel_addUser"/>
  <testcase name="A002_adduser" time="6.816" classname="RegressionTest.DataProviderWithExcel_addUser"/>
  <testcase name="A002_adduser" time="7.025" classname="RegressionTest.DataProviderWithExcel_addUser"/>
  <testcase name="A002_adduser" time="13.523" classname="RegressionTest.DataProviderWithExcel_addUser"/>
  <testcase name="A002_adduser" time="10.228" classname="RegressionTest.DataProviderWithExcel_addUser"/>
  <testcase name="A002_adduser" time="10.251" classname="RegressionTest.DataProviderWithExcel_addUser"/>
  <testcase name="A002_adduser" time="12.252" classname="RegressionTest.DataProviderWithExcel_addUser"/>
  <testcase name="Z1000_logout" time="2.287" classname="RegressionTest.DataProviderWithExcel_addUser"/>
  <testcase name="Z1000_logout" time="4.119" classname="RegressionTest.DataProviderWithExcel_addUser"/>
  <testcase name="A002_adduser" time="9.437" classname="RegressionTest.DataProviderWithExcel_addUser"/>
  <testcase name="A002_adduser" time="6.738" classname="RegressionTest.DataProviderWithExcel_addUser"/>
  <testcase name="A001_loginAdmin" time="7.887" classname="RegressionTest.DataProviderWithExcel_addUser"/>
  <testcase name="A002_adduser" time="8.889" classname="RegressionTest.DataProviderWithExcel_addUser"/>
  <testcase name="A002_adduser" time="12.957" classname="RegressionTest.DataProviderWithExcel_addUser"/>
  <testcase name="A002_adduser" time="7.236" classname="RegressionTest.DataProviderWithExcel_addUser"/>
  <testcase name="A002_adduser" time="7.663" classname="RegressionTest.DataProviderWithExcel_addUser"/>
  <testcase name="A001_loginAdmin" time="14.554" classname="RegressionTest.DataProviderWithExcel_addUser"/>
  <testcase name="A002_adduser" time="6.990" classname="RegressionTest.DataProviderWithExcel_addUser"/>
</testsuite> <!-- RegressionTest.DataProviderWithExcel_addUser -->
