<?xml version="1.0" encoding="UTF-8"?>
<!-- Generated by org.testng.reporters.JUnitReportReporter -->
<testsuite hostname="DESKTOP-819O6GE" name="sample1" tests="2" failures="0" timestamp="14 Mar 2019 07:01:56 GMT" time="5.641" errors="0">
  <testcase name="A001_loginAdmin" time="3.157" classname="sample1"/>
  <testcase name="A003_logoutAdmin" time="2.484" classname="sample1"/>
</testsuite> <!-- sample1 -->
