<?xml version="1.0" encoding="UTF-8"?>
<!-- Generated by org.testng.reporters.JUnitReportReporter -->
<testsuite hostname="DESKTOP-819O6GE" name="RegressionTest.DataProviderWithExcel_all" tests="34" failures="0" timestamp="20 Mar 2019 09:00:47 GMT" time="227.293" errors="0">
  <testcase name="B010_deleteUser" time="5.404" classname="RegressionTest.DataProviderWithExcel_all"/>
  <testcase name="A002_adduser" time="6.408" classname="RegressionTest.DataProviderWithExcel_all"/>
  <testcase name="A010_UpdateUser" time="9.570" classname="RegressionTest.DataProviderWithExcel_all"/>
  <testcase name="B010_deleteUser" time="5.151" classname="RegressionTest.DataProviderWithExcel_all"/>
  <testcase name="B020_deleteUserMultiSelection" time="8.734" classname="RegressionTest.DataProviderWithExcel_all"/>
  <testcase name="B010_deleteUser" time="5.162" classname="RegressionTest.DataProviderWithExcel_all"/>
  <testcase name="A002_adduser" time="8.119" classname="RegressionTest.DataProviderWithExcel_all"/>
  <testcase name="A010_UpdateUser" time="9.754" classname="RegressionTest.DataProviderWithExcel_all"/>
  <testcase name="B010_deleteUser" time="5.640" classname="RegressionTest.DataProviderWithExcel_all"/>
  <testcase name="A002_adduser" time="6.018" classname="RegressionTest.DataProviderWithExcel_all"/>
  <testcase name="B010_deleteUser" time="5.449" classname="RegressionTest.DataProviderWithExcel_all"/>
  <testcase name="B010_deleteUser" time="4.982" classname="RegressionTest.DataProviderWithExcel_all"/>
  <testcase name="A002_adduser" time="6.216" classname="RegressionTest.DataProviderWithExcel_all"/>
  <testcase name="A002_adduser" time="5.998" classname="RegressionTest.DataProviderWithExcel_all"/>
  <testcase name="A002_adduser" time="6.627" classname="RegressionTest.DataProviderWithExcel_all"/>
  <testcase name="A010_UpdateUser" time="9.483" classname="RegressionTest.DataProviderWithExcel_all"/>
  <testcase name="A002_adduser" time="6.423" classname="RegressionTest.DataProviderWithExcel_all"/>
  <testcase name="A002_adduser" time="6.605" classname="RegressionTest.DataProviderWithExcel_all"/>
  <testcase name="A002_adduser" time="6.158" classname="RegressionTest.DataProviderWithExcel_all"/>
  <testcase name="A002_adduser" time="6.197" classname="RegressionTest.DataProviderWithExcel_all"/>
  <testcase name="A002_adduser" time="6.802" classname="RegressionTest.DataProviderWithExcel_all"/>
  <testcase name="A002_adduser" time="6.643" classname="RegressionTest.DataProviderWithExcel_all"/>
  <testcase name="A002_adduser" time="8.899" classname="RegressionTest.DataProviderWithExcel_all"/>
  <testcase name="B020_deleteUserMultiSelection" time="8.452" classname="RegressionTest.DataProviderWithExcel_all"/>
  <testcase name="A002_adduser" time="6.289" classname="RegressionTest.DataProviderWithExcel_all"/>
  <testcase name="B010_deleteUser" time="5.358" classname="RegressionTest.DataProviderWithExcel_all"/>
  <testcase name="A010_UpdateUser" time="10.311" classname="RegressionTest.DataProviderWithExcel_all"/>
  <testcase name="B010_deleteUser" time="4.794" classname="RegressionTest.DataProviderWithExcel_all"/>
  <testcase name="A002_adduser" time="6.637" classname="RegressionTest.DataProviderWithExcel_all"/>
  <testcase name="B010_deleteUser" time="4.600" classname="RegressionTest.DataProviderWithExcel_all"/>
  <testcase name="A002_adduser" time="6.638" classname="RegressionTest.DataProviderWithExcel_all"/>
  <testcase name="B010_deleteUser" time="5.349" classname="RegressionTest.DataProviderWithExcel_all"/>
  <testcase name="A002_adduser" time="6.130" classname="RegressionTest.DataProviderWithExcel_all"/>
  <testcase name="A002_adduser" time="6.293" classname="RegressionTest.DataProviderWithExcel_all"/>
</testsuite> <!-- RegressionTest.DataProviderWithExcel_all -->
